<?xml version="1.0" encoding="UTF-8"?>
<testsuite xmlns:xsi="http://www.w3.org/2001/XMLSchema-instance" xsi:noNamespaceSchemaLocation="https://maven.apache.org/surefire/maven-surefire-plugin/xsd/surefire-test-report-3.0.xsd" version="3.0" name="dev.armancodeblock.tdd.ApplicationTests" time="21.577" tests="8" errors="0" skipped="0" failures="4">
  <properties>
[...]
</properties>
  <testcase name="checkRepository" classname="dev.armancodeblock.tdd.ApplicationTests" time="3.444">
    <system-out><![CDATA[14:59:20.972 [main] INFO org.springframework.test.context.support.AnnotationConfigContextLoaderUtils -- Could not detect default configuration classes for test class [dev.armancodeblock.tdd.ApplicationTests]: ApplicationTests does not declare any static, non-private, non-final, nested classes annotated with @Configuration.
14:59:21.221 [main] INFO org.springframework.boot.test.context.SpringBootTestContextBootstrapper -- Found @SpringBootConfiguration dev.armancodeblock.tdd.Application for test class dev.armancodeblock.tdd.ApplicationTests
  .   ____          _            __ _ _
 /\\ / ___'_ __ _ _(_)_ __  __ _ \ \ \ \
( ( )\___ | '_ | '_| | '_ \/ _` | \ \ \ \
 \\/  ___)| |_)| | | | | || (_| |  ) ) ) )
  '  |____| .__|_| |_|_| |_\__, | / / / /
 =========|_|==============|___/=/_/_/_/

 :: Spring Boot ::                (v3.3.0)

2024-06-18T14:59:22.048-04:00  INFO 3312 --- [demo] [           main] d.armancodeblock.tdd.ApplicationTests    : Starting ApplicationTests using Java 17.0.10 with PID 3312 (started by owner in C:\Preeti\Training\Day 13\tddAssignment-main)
2024-06-18T14:59:22.052-04:00  INFO 3312 --- [demo] [           main] d.armancodeblock.tdd.ApplicationTests    : No active profile set, falling back to 1 default profile: "default"
2024-06-18T14:59:23.718-04:00  INFO 3312 --- [demo] [           main] .s.d.r.c.RepositoryConfigurationDelegate : Bootstrapping Spring Data JPA repositories in DEFAULT mode.
2024-06-18T14:59:23.822-04:00  INFO 3312 --- [demo] [           main] .s.d.r.c.RepositoryConfigurationDelegate : Finished Spring Data repository scanning in 88 ms. Found 1 JPA repository interface.
2024-06-18T14:59:24.794-04:00  INFO 3312 --- [demo] [           main] o.hibernate.jpa.internal.util.LogHelper  : HHH000204: Processing PersistenceUnitInfo [name: default]
2024-06-18T14:59:24.928-04:00  INFO 3312 --- [demo] [           main] org.hibernate.Version                    : HHH000412: Hibernate ORM core version 6.5.2.Final
2024-06-18T14:59:25.009-04:00  INFO 3312 --- [demo] [           main] o.h.c.internal.RegionFactoryInitiator    : HHH000026: Second-level cache disabled
2024-06-18T14:59:25.847-04:00  INFO 3312 --- [demo] [           main] o.s.o.j.p.SpringPersistenceUnitInfo      : No LoadTimeWeaver setup: ignoring JPA class transformer
2024-06-18T14:59:25.913-04:00  INFO 3312 --- [demo] [           main] com.zaxxer.hikari.HikariDataSource       : HikariPool-1 - Starting...
2024-06-18T14:59:26.552-04:00  INFO 3312 --- [demo] [           main] com.zaxxer.hikari.pool.HikariPool        : HikariPool-1 - Added connection com.mysql.cj.jdbc.ConnectionImpl@7bc2bb58
2024-06-18T14:59:26.556-04:00  INFO 3312 --- [demo] [           main] com.zaxxer.hikari.HikariDataSource       : HikariPool-1 - Start completed.
2024-06-18T14:59:26.663-04:00  WARN 3312 --- [demo] [           main] org.hibernate.orm.deprecation            : HHH90000025: MySQL8Dialect does not need to be specified explicitly using 'hibernate.dialect' (remove the property setting and it will be selected by default)
2024-06-18T14:59:26.667-04:00  WARN 3312 --- [demo] [           main] org.hibernate.orm.deprecation            : HHH90000026: MySQL8Dialect has been deprecated; use org.hibernate.dialect.MySQLDialect instead
2024-06-18T14:59:28.640-04:00  INFO 3312 --- [demo] [           main] o.h.e.t.j.p.i.JtaPlatformInitiator       : HHH000489: No JTA platform available (set 'hibernate.transaction.jta.platform' to enable JTA platform integration)
2024-06-18T14:59:28.744-04:00  INFO 3312 --- [demo] [           main] j.LocalContainerEntityManagerFactoryBean : Initialized JPA EntityManagerFactory for persistence unit 'default'
2024-06-18T14:59:29.501-04:00  WARN 3312 --- [demo] [           main] JpaBaseConfiguration$JpaWebConfiguration : spring.jpa.open-in-view is enabled by default. Therefore, database queries may be performed during view rendering. Explicitly configure spring.jpa.open-in-view to disable this warning
2024-06-18T14:59:30.228-04:00  INFO 3312 --- [demo] [           main] o.s.b.t.m.w.SpringBootMockServletContext : Initializing Spring TestDispatcherServlet ''
2024-06-18T14:59:30.229-04:00  INFO 3312 --- [demo] [           main] o.s.t.web.servlet.TestDispatcherServlet  : Initializing Servlet ''
2024-06-18T14:59:30.232-04:00  INFO 3312 --- [demo] [           main] o.s.t.web.servlet.TestDispatcherServlet  : Completed initialization in 1 ms
2024-06-18T14:59:30.280-04:00  INFO 3312 --- [demo] [           main] d.armancodeblock.tdd.ApplicationTests    : Started ApplicationTests in 8.715 seconds (process running for 10.73)
2024-06-18T14:59:30.330-04:00  INFO 3312 --- [demo] [           main] j.LocalContainerEntityManagerFactoryBean : Closing JPA EntityManagerFactory for persistence unit 'default'
2024-06-18T14:59:30.335-04:00  INFO 3312 --- [demo] [           main] com.zaxxer.hikari.HikariDataSource       : HikariPool-1 - Shutdown initiated...
2024-06-18T14:59:30.359-04:00  INFO 3312 --- [demo] [           main] com.zaxxer.hikari.HikariDataSource       : HikariPool-1 - Shutdown completed.
  .   ____          _            __ _ _
 /\\ / ___'_ __ _ _(_)_ __  __ _ \ \ \ \
( ( )\___ | '_ | '_| | '_ \/ _` | \ \ \ \
 \\/  ___)| |_)| | | | | || (_| |  ) ) ) )
  '  |____| .__|_| |_|_| |_\__, | / / / /
 =========|_|==============|___/=/_/_/_/

 :: Spring Boot ::                (v3.3.0)

2024-06-18T14:59:30.426-04:00  INFO 3312 --- [demo] [           main] d.armancodeblock.tdd.ApplicationTests    : Starting ApplicationTests using Java 17.0.10 with PID 3312 (started by owner in C:\Preeti\Training\Day 13\tddAssignment-main)
2024-06-18T14:59:30.426-04:00  INFO 3312 --- [demo] [           main] d.armancodeblock.tdd.ApplicationTests    : No active profile set, falling back to 1 default profile: "default"
2024-06-18T14:59:30.918-04:00  INFO 3312 --- [demo] [           main] .s.d.r.c.RepositoryConfigurationDelegate : Bootstrapping Spring Data JPA repositories in DEFAULT mode.
2024-06-18T14:59:30.938-04:00  INFO 3312 --- [demo] [           main] .s.d.r.c.RepositoryConfigurationDelegate : Finished Spring Data repository scanning in 19 ms. Found 1 JPA repository interface.
2024-06-18T14:59:31.160-04:00  INFO 3312 --- [demo] [           main] o.hibernate.jpa.internal.util.LogHelper  : HHH000204: Processing PersistenceUnitInfo [name: default]
2024-06-18T14:59:31.170-04:00  INFO 3312 --- [demo] [           main] o.h.c.internal.RegionFactoryInitiator    : HHH000026: Second-level cache disabled
2024-06-18T14:59:31.203-04:00  INFO 3312 --- [demo] [           main] o.s.o.j.p.SpringPersistenceUnitInfo      : No LoadTimeWeaver setup: ignoring JPA class transformer
2024-06-18T14:59:31.218-04:00  INFO 3312 --- [demo] [           main] com.zaxxer.hikari.HikariDataSource       : HikariPool-2 - Starting...
2024-06-18T14:59:31.242-04:00  INFO 3312 --- [demo] [           main] com.zaxxer.hikari.pool.HikariPool        : HikariPool-2 - Added connection com.mysql.cj.jdbc.ConnectionImpl@64b0ec4a
2024-06-18T14:59:31.243-04:00  INFO 3312 --- [demo] [           main] com.zaxxer.hikari.HikariDataSource       : HikariPool-2 - Start completed.
2024-06-18T14:59:31.243-04:00  WARN 3312 --- [demo] [           main] org.hibernate.orm.deprecation            : HHH90000025: MySQL8Dialect does not need to be specified explicitly using 'hibernate.dialect' (remove the property setting and it will be selected by default)
2024-06-18T14:59:31.244-04:00  WARN 3312 --- [demo] [           main] org.hibernate.orm.deprecation            : HHH90000026: MySQL8Dialect has been deprecated; use org.hibernate.dialect.MySQLDialect instead
2024-06-18T14:59:31.356-04:00  INFO 3312 --- [demo] [           main] o.h.e.t.j.p.i.JtaPlatformInitiator       : HHH000489: No JTA platform available (set 'hibernate.transaction.jta.platform' to enable JTA platform integration)
2024-06-18T14:59:31.376-04:00  INFO 3312 --- [demo] [           main] j.LocalContainerEntityManagerFactoryBean : Initialized JPA EntityManagerFactory for persistence unit 'default'
2024-06-18T14:59:31.574-04:00  WARN 3312 --- [demo] [           main] JpaBaseConfiguration$JpaWebConfiguration : spring.jpa.open-in-view is enabled by default. Therefore, database queries may be performed during view rendering. Explicitly configure spring.jpa.open-in-view to disable this warning
2024-06-18T14:59:32.009-04:00  INFO 3312 --- [demo] [           main] o.s.b.t.m.w.SpringBootMockServletContext : Initializing Spring TestDispatcherServlet ''
2024-06-18T14:59:32.010-04:00  INFO 3312 --- [demo] [           main] o.s.t.web.servlet.TestDispatcherServlet  : Initializing Servlet ''
2024-06-18T14:59:32.011-04:00  INFO 3312 --- [demo] [           main] o.s.t.web.servlet.TestDispatcherServlet  : Completed initialization in 1 ms
2024-06-18T14:59:32.028-04:00  INFO 3312 --- [demo] [           main] d.armancodeblock.tdd.ApplicationTests    : Started ApplicationTests in 1.663 seconds (process running for 12.478)
Hibernate: select p1_0.id,p1_0.mobile,p1_0.name from person p1_0
Hibernate: delete from person where id=?
]]></system-out>
  </testcase>
  <testcase name="testUpdatePerson" classname="dev.armancodeblock.tdd.ApplicationTests" time="1.605">
    <failure message="No value at JSON path &quot;$.*&quot;" type="java.lang.AssertionError"><![CDATA[java.lang.AssertionError: No value at JSON path "$.*"
	at org.springframework.test.util.JsonPathExpectationsHelper.evaluateJsonPath(JsonPathExpectationsHelper.java:302)
	at org.springframework.test.util.JsonPathExpectationsHelper.assertValue(JsonPathExpectationsHelper.java:73)
	at org.springframework.test.web.servlet.result.JsonPathResultMatchers.lambda$value$0(JsonPathResultMatchers.java:87)
	at org.springframework.test.web.servlet.MockMvc$1.andExpect(MockMvc.java:214)
	at dev.armancodeblock.tdd.ApplicationTests.testUpdatePerson(ApplicationTests.java:180)
	at java.base/java.lang.reflect.Method.invoke(Method.java:568)
	at java.base/java.util.ArrayList.forEach(ArrayList.java:1511)
	at java.base/java.util.ArrayList.forEach(ArrayList.java:1511)
Caused by: java.lang.IllegalArgumentException: json can not be null or empty
	at com.jayway.jsonpath.internal.Utils.notEmpty(Utils.java:401)
	at com.jayway.jsonpath.JsonPath.read(JsonPath.java:390)
	at com.jayway.jsonpath.JsonPath.read(JsonPath.java:377)
	at org.springframework.test.util.JsonPathExpectationsHelper.evaluateJsonPath(JsonPathExpectationsHelper.java:299)
	... 7 more
]]></failure>
    <system-out><![CDATA[2024-06-18T14:59:33.762-04:00  INFO 3312 --- [demo] [           main] j.LocalContainerEntityManagerFactoryBean : Closing JPA EntityManagerFactory for persistence unit 'default'
2024-06-18T14:59:33.763-04:00  INFO 3312 --- [demo] [           main] com.zaxxer.hikari.HikariDataSource       : HikariPool-2 - Shutdown initiated...
2024-06-18T14:59:33.778-04:00  INFO 3312 --- [demo] [           main] com.zaxxer.hikari.HikariDataSource       : HikariPool-2 - Shutdown completed.
  .   ____          _            __ _ _
 /\\ / ___'_ __ _ _(_)_ __  __ _ \ \ \ \
( ( )\___ | '_ | '_| | '_ \/ _` | \ \ \ \
 \\/  ___)| |_)| | | | | || (_| |  ) ) ) )
  '  |____| .__|_| |_|_| |_\__, | / / / /
 =========|_|==============|___/=/_/_/_/

 :: Spring Boot ::                (v3.3.0)

2024-06-18T14:59:33.849-04:00  INFO 3312 --- [demo] [           main] d.armancodeblock.tdd.ApplicationTests    : Starting ApplicationTests using Java 17.0.10 with PID 3312 (started by owner in C:\Preeti\Training\Day 13\tddAssignment-main)
2024-06-18T14:59:33.850-04:00  INFO 3312 --- [demo] [           main] d.armancodeblock.tdd.ApplicationTests    : No active profile set, falling back to 1 default profile: "default"
2024-06-18T14:59:34.186-04:00  INFO 3312 --- [demo] [           main] .s.d.r.c.RepositoryConfigurationDelegate : Bootstrapping Spring Data JPA repositories in DEFAULT mode.
2024-06-18T14:59:34.204-04:00  INFO 3312 --- [demo] [           main] .s.d.r.c.RepositoryConfigurationDelegate : Finished Spring Data repository scanning in 16 ms. Found 1 JPA repository interface.
2024-06-18T14:59:34.352-04:00  INFO 3312 --- [demo] [           main] o.hibernate.jpa.internal.util.LogHelper  : HHH000204: Processing PersistenceUnitInfo [name: default]
2024-06-18T14:59:34.359-04:00  INFO 3312 --- [demo] [           main] o.h.c.internal.RegionFactoryInitiator    : HHH000026: Second-level cache disabled
2024-06-18T14:59:34.374-04:00  INFO 3312 --- [demo] [           main] o.s.o.j.p.SpringPersistenceUnitInfo      : No LoadTimeWeaver setup: ignoring JPA class transformer
2024-06-18T14:59:34.388-04:00  INFO 3312 --- [demo] [           main] com.zaxxer.hikari.HikariDataSource       : HikariPool-3 - Starting...
2024-06-18T14:59:34.419-04:00  INFO 3312 --- [demo] [           main] com.zaxxer.hikari.pool.HikariPool        : HikariPool-3 - Added connection com.mysql.cj.jdbc.ConnectionImpl@77035caa
2024-06-18T14:59:34.420-04:00  INFO 3312 --- [demo] [           main] com.zaxxer.hikari.HikariDataSource       : HikariPool-3 - Start completed.
2024-06-18T14:59:34.420-04:00  WARN 3312 --- [demo] [           main] org.hibernate.orm.deprecation            : HHH90000025: MySQL8Dialect does not need to be specified explicitly using 'hibernate.dialect' (remove the property setting and it will be selected by default)
2024-06-18T14:59:34.420-04:00  WARN 3312 --- [demo] [           main] org.hibernate.orm.deprecation            : HHH90000026: MySQL8Dialect has been deprecated; use org.hibernate.dialect.MySQLDialect instead
2024-06-18T14:59:34.529-04:00  INFO 3312 --- [demo] [           main] o.h.e.t.j.p.i.JtaPlatformInitiator       : HHH000489: No JTA platform available (set 'hibernate.transaction.jta.platform' to enable JTA platform integration)
2024-06-18T14:59:34.553-04:00  INFO 3312 --- [demo] [           main] j.LocalContainerEntityManagerFactoryBean : Initialized JPA EntityManagerFactory for persistence unit 'default'
2024-06-18T14:59:34.696-04:00  WARN 3312 --- [demo] [           main] JpaBaseConfiguration$JpaWebConfiguration : spring.jpa.open-in-view is enabled by default. Therefore, database queries may be performed during view rendering. Explicitly configure spring.jpa.open-in-view to disable this warning
2024-06-18T14:59:34.921-04:00  INFO 3312 --- [demo] [           main] o.s.b.t.m.w.SpringBootMockServletContext : Initializing Spring TestDispatcherServlet ''
2024-06-18T14:59:34.921-04:00  INFO 3312 --- [demo] [           main] o.s.t.web.servlet.TestDispatcherServlet  : Initializing Servlet ''
2024-06-18T14:59:34.922-04:00  INFO 3312 --- [demo] [           main] o.s.t.web.servlet.TestDispatcherServlet  : Completed initialization in 0 ms
2024-06-18T14:59:34.936-04:00  INFO 3312 --- [demo] [           main] d.armancodeblock.tdd.ApplicationTests    : Started ApplicationTests in 1.155 seconds (process running for 15.386)
Hibernate: select p1_0.id,p1_0.mobile,p1_0.name from person p1_0
Hibernate: insert into person (mobile,name) values (?,?)

MockHttpServletRequest:
      HTTP Method = POST
      Request URI = /contact/save
       Parameters = {}
          Headers = [Content-Type:"application/json;charset=UTF-8", Content-Length:"52"]
             Body = {"id":null,"name":"John Doe","mobile":"84762834957"}
    Session Attrs = {}

Handler:
             Type = dev.armancodeblock.tdd.controller.ContactController
           Method = dev.armancodeblock.tdd.controller.ContactController#save(Person)

Async:
    Async started = false
     Async result = null

Resolved Exception:
             Type = null

ModelAndView:
        View name = null
             View = null
            Model = null

FlashMap:
       Attributes = null

MockHttpServletResponse:
           Status = 200
    Error message = null
          Headers = []
     Content type = null
             Body = 
    Forwarded URL = null
   Redirected URL = null
          Cookies = []

MockHttpServletRequest:
      HTTP Method = POST
      Request URI = /contact/save
       Parameters = {}
          Headers = [Content-Type:"application/json;charset=UTF-8", Content-Length:"52"]
             Body = {"id":null,"name":"John Doe","mobile":"84762834957"}
    Session Attrs = {}

Handler:
             Type = dev.armancodeblock.tdd.controller.ContactController
           Method = dev.armancodeblock.tdd.controller.ContactController#save(Person)

Async:
    Async started = false
     Async result = null

Resolved Exception:
             Type = null

ModelAndView:
        View name = null
             View = null
            Model = null

FlashMap:
       Attributes = null

MockHttpServletResponse:
           Status = 200
    Error message = null
          Headers = []
     Content type = null
             Body = 
    Forwarded URL = null
   Redirected URL = null
          Cookies = []
]]></system-out>
  </testcase>
  <testcase name="testDeletePerson" classname="dev.armancodeblock.tdd.ApplicationTests" time="1.176">
    <failure message="No value at JSON path &quot;$.*&quot;" type="java.lang.AssertionError"><![CDATA[java.lang.AssertionError: No value at JSON path "$.*"
	at org.springframework.test.util.JsonPathExpectationsHelper.evaluateJsonPath(JsonPathExpectationsHelper.java:302)
	at org.springframework.test.util.JsonPathExpectationsHelper.assertValue(JsonPathExpectationsHelper.java:73)
	at org.springframework.test.web.servlet.result.JsonPathResultMatchers.lambda$value$0(JsonPathResultMatchers.java:87)
	at org.springframework.test.web.servlet.MockMvc$1.andExpect(MockMvc.java:214)
	at dev.armancodeblock.tdd.ApplicationTests.testDeletePerson(ApplicationTests.java:153)
	at java.base/java.lang.reflect.Method.invoke(Method.java:568)
	at java.base/java.util.ArrayList.forEach(ArrayList.java:1511)
	at java.base/java.util.ArrayList.forEach(ArrayList.java:1511)
Caused by: java.lang.IllegalArgumentException: json can not be null or empty
	at com.jayway.jsonpath.internal.Utils.notEmpty(Utils.java:401)
	at com.jayway.jsonpath.JsonPath.read(JsonPath.java:390)
	at com.jayway.jsonpath.JsonPath.read(JsonPath.java:377)
	at org.springframework.test.util.JsonPathExpectationsHelper.evaluateJsonPath(JsonPathExpectationsHelper.java:299)
	... 7 more
]]></failure>
    <system-out><![CDATA[2024-06-18T14:59:35.404-04:00  INFO 3312 --- [demo] [           main] j.LocalContainerEntityManagerFactoryBean : Closing JPA EntityManagerFactory for persistence unit 'default'
2024-06-18T14:59:35.406-04:00  INFO 3312 --- [demo] [           main] com.zaxxer.hikari.HikariDataSource       : HikariPool-3 - Shutdown initiated...
2024-06-18T14:59:35.440-04:00  INFO 3312 --- [demo] [           main] com.zaxxer.hikari.HikariDataSource       : HikariPool-3 - Shutdown completed.
  .   ____          _            __ _ _
 /\\ / ___'_ __ _ _(_)_ __  __ _ \ \ \ \
( ( )\___ | '_ | '_| | '_ \/ _` | \ \ \ \
 \\/  ___)| |_)| | | | | || (_| |  ) ) ) )
  '  |____| .__|_| |_|_| |_\__, | / / / /
 =========|_|==============|___/=/_/_/_/

 :: Spring Boot ::                (v3.3.0)

2024-06-18T14:59:35.493-04:00  INFO 3312 --- [demo] [           main] d.armancodeblock.tdd.ApplicationTests    : Starting ApplicationTests using Java 17.0.10 with PID 3312 (started by owner in C:\Preeti\Training\Day 13\tddAssignment-main)
2024-06-18T14:59:35.494-04:00  INFO 3312 --- [demo] [           main] d.armancodeblock.tdd.ApplicationTests    : No active profile set, falling back to 1 default profile: "default"
2024-06-18T14:59:35.844-04:00  INFO 3312 --- [demo] [           main] .s.d.r.c.RepositoryConfigurationDelegate : Bootstrapping Spring Data JPA repositories in DEFAULT mode.
2024-06-18T14:59:35.863-04:00  INFO 3312 --- [demo] [           main] .s.d.r.c.RepositoryConfigurationDelegate : Finished Spring Data repository scanning in 19 ms. Found 1 JPA repository interface.
2024-06-18T14:59:36.009-04:00  INFO 3312 --- [demo] [           main] o.hibernate.jpa.internal.util.LogHelper  : HHH000204: Processing PersistenceUnitInfo [name: default]
2024-06-18T14:59:36.019-04:00  INFO 3312 --- [demo] [           main] o.h.c.internal.RegionFactoryInitiator    : HHH000026: Second-level cache disabled
2024-06-18T14:59:36.049-04:00  INFO 3312 --- [demo] [           main] o.s.o.j.p.SpringPersistenceUnitInfo      : No LoadTimeWeaver setup: ignoring JPA class transformer
2024-06-18T14:59:36.051-04:00  INFO 3312 --- [demo] [           main] com.zaxxer.hikari.HikariDataSource       : HikariPool-4 - Starting...
2024-06-18T14:59:36.074-04:00  INFO 3312 --- [demo] [           main] com.zaxxer.hikari.pool.HikariPool        : HikariPool-4 - Added connection com.mysql.cj.jdbc.ConnectionImpl@43e55cfb
2024-06-18T14:59:36.075-04:00  INFO 3312 --- [demo] [           main] com.zaxxer.hikari.HikariDataSource       : HikariPool-4 - Start completed.
2024-06-18T14:59:36.076-04:00  WARN 3312 --- [demo] [           main] org.hibernate.orm.deprecation            : HHH90000025: MySQL8Dialect does not need to be specified explicitly using 'hibernate.dialect' (remove the property setting and it will be selected by default)
2024-06-18T14:59:36.076-04:00  WARN 3312 --- [demo] [           main] org.hibernate.orm.deprecation            : HHH90000026: MySQL8Dialect has been deprecated; use org.hibernate.dialect.MySQLDialect instead
2024-06-18T14:59:36.132-04:00  INFO 3312 --- [demo] [           main] o.h.e.t.j.p.i.JtaPlatformInitiator       : HHH000489: No JTA platform available (set 'hibernate.transaction.jta.platform' to enable JTA platform integration)
2024-06-18T14:59:36.152-04:00  INFO 3312 --- [demo] [           main] j.LocalContainerEntityManagerFactoryBean : Initialized JPA EntityManagerFactory for persistence unit 'default'
2024-06-18T14:59:36.264-04:00  WARN 3312 --- [demo] [           main] JpaBaseConfiguration$JpaWebConfiguration : spring.jpa.open-in-view is enabled by default. Therefore, database queries may be performed during view rendering. Explicitly configure spring.jpa.open-in-view to disable this warning
2024-06-18T14:59:36.487-04:00  INFO 3312 --- [demo] [           main] o.s.b.t.m.w.SpringBootMockServletContext : Initializing Spring TestDispatcherServlet ''
2024-06-18T14:59:36.487-04:00  INFO 3312 --- [demo] [           main] o.s.t.web.servlet.TestDispatcherServlet  : Initializing Servlet ''
2024-06-18T14:59:36.489-04:00  INFO 3312 --- [demo] [           main] o.s.t.web.servlet.TestDispatcherServlet  : Completed initialization in 2 ms
2024-06-18T14:59:36.506-04:00  INFO 3312 --- [demo] [           main] d.armancodeblock.tdd.ApplicationTests    : Started ApplicationTests in 1.062 seconds (process running for 16.957)
Hibernate: select p1_0.id,p1_0.mobile,p1_0.name from person p1_0
Hibernate: delete from person where id=?
Hibernate: insert into person (mobile,name) values (?,?)

MockHttpServletRequest:
      HTTP Method = POST
      Request URI = /contact/save
       Parameters = {}
          Headers = [Content-Type:"application/json;charset=UTF-8", Content-Length:"52"]
             Body = {"id":null,"name":"John Doe","mobile":"84762834957"}
    Session Attrs = {}

Handler:
             Type = dev.armancodeblock.tdd.controller.ContactController
           Method = dev.armancodeblock.tdd.controller.ContactController#save(Person)

Async:
    Async started = false
     Async result = null

Resolved Exception:
             Type = null

ModelAndView:
        View name = null
             View = null
            Model = null

FlashMap:
       Attributes = null

MockHttpServletResponse:
           Status = 200
    Error message = null
          Headers = []
     Content type = null
             Body = 
    Forwarded URL = null
   Redirected URL = null
          Cookies = []

MockHttpServletRequest:
      HTTP Method = POST
      Request URI = /contact/save
       Parameters = {}
          Headers = [Content-Type:"application/json;charset=UTF-8", Content-Length:"52"]
             Body = {"id":null,"name":"John Doe","mobile":"84762834957"}
    Session Attrs = {}

Handler:
             Type = dev.armancodeblock.tdd.controller.ContactController
           Method = dev.armancodeblock.tdd.controller.ContactController#save(Person)

Async:
    Async started = false
     Async result = null

Resolved Exception:
             Type = null

ModelAndView:
        View name = null
             View = null
            Model = null

FlashMap:
       Attributes = null

MockHttpServletResponse:
           Status = 200
    Error message = null
          Headers = []
     Content type = null
             Body = 
    Forwarded URL = null
   Redirected URL = null
          Cookies = []
]]></system-out>
  </testcase>
  <testcase name="checkEntity" classname="dev.armancodeblock.tdd.ApplicationTests" time="1.22">
    <system-out><![CDATA[2024-06-18T14:59:36.555-04:00  INFO 3312 --- [demo] [           main] j.LocalContainerEntityManagerFactoryBean : Closing JPA EntityManagerFactory for persistence unit 'default'
2024-06-18T14:59:36.556-04:00  INFO 3312 --- [demo] [           main] com.zaxxer.hikari.HikariDataSource       : HikariPool-4 - Shutdown initiated...
2024-06-18T14:59:36.660-04:00  INFO 3312 --- [demo] [           main] com.zaxxer.hikari.HikariDataSource       : HikariPool-4 - Shutdown completed.
  .   ____          _            __ _ _
 /\\ / ___'_ __ _ _(_)_ __  __ _ \ \ \ \
( ( )\___ | '_ | '_| | '_ \/ _` | \ \ \ \
 \\/  ___)| |_)| | | | | || (_| |  ) ) ) )
  '  |____| .__|_| |_|_| |_\__, | / / / /
 =========|_|==============|___/=/_/_/_/

 :: Spring Boot ::                (v3.3.0)

2024-06-18T14:59:36.711-04:00  INFO 3312 --- [demo] [           main] d.armancodeblock.tdd.ApplicationTests    : Starting ApplicationTests using Java 17.0.10 with PID 3312 (started by owner in C:\Preeti\Training\Day 13\tddAssignment-main)
2024-06-18T14:59:36.712-04:00  INFO 3312 --- [demo] [           main] d.armancodeblock.tdd.ApplicationTests    : No active profile set, falling back to 1 default profile: "default"
2024-06-18T14:59:37.043-04:00  INFO 3312 --- [demo] [           main] .s.d.r.c.RepositoryConfigurationDelegate : Bootstrapping Spring Data JPA repositories in DEFAULT mode.
2024-06-18T14:59:37.059-04:00  INFO 3312 --- [demo] [           main] .s.d.r.c.RepositoryConfigurationDelegate : Finished Spring Data repository scanning in 14 ms. Found 1 JPA repository interface.
2024-06-18T14:59:37.207-04:00  INFO 3312 --- [demo] [           main] o.hibernate.jpa.internal.util.LogHelper  : HHH000204: Processing PersistenceUnitInfo [name: default]
2024-06-18T14:59:37.220-04:00  INFO 3312 --- [demo] [           main] o.h.c.internal.RegionFactoryInitiator    : HHH000026: Second-level cache disabled
2024-06-18T14:59:37.243-04:00  INFO 3312 --- [demo] [           main] o.s.o.j.p.SpringPersistenceUnitInfo      : No LoadTimeWeaver setup: ignoring JPA class transformer
2024-06-18T14:59:37.244-04:00  INFO 3312 --- [demo] [           main] com.zaxxer.hikari.HikariDataSource       : HikariPool-5 - Starting...
2024-06-18T14:59:37.272-04:00  INFO 3312 --- [demo] [           main] com.zaxxer.hikari.pool.HikariPool        : HikariPool-5 - Added connection com.mysql.cj.jdbc.ConnectionImpl@15a8b228
2024-06-18T14:59:37.272-04:00  INFO 3312 --- [demo] [           main] com.zaxxer.hikari.HikariDataSource       : HikariPool-5 - Start completed.
2024-06-18T14:59:37.273-04:00  WARN 3312 --- [demo] [           main] org.hibernate.orm.deprecation            : HHH90000025: MySQL8Dialect does not need to be specified explicitly using 'hibernate.dialect' (remove the property setting and it will be selected by default)
2024-06-18T14:59:37.273-04:00  WARN 3312 --- [demo] [           main] org.hibernate.orm.deprecation            : HHH90000026: MySQL8Dialect has been deprecated; use org.hibernate.dialect.MySQLDialect instead
2024-06-18T14:59:37.341-04:00  INFO 3312 --- [demo] [           main] o.h.e.t.j.p.i.JtaPlatformInitiator       : HHH000489: No JTA platform available (set 'hibernate.transaction.jta.platform' to enable JTA platform integration)
2024-06-18T14:59:37.361-04:00  INFO 3312 --- [demo] [           main] j.LocalContainerEntityManagerFactoryBean : Initialized JPA EntityManagerFactory for persistence unit 'default'
2024-06-18T14:59:37.460-04:00  WARN 3312 --- [demo] [           main] JpaBaseConfiguration$JpaWebConfiguration : spring.jpa.open-in-view is enabled by default. Therefore, database queries may be performed during view rendering. Explicitly configure spring.jpa.open-in-view to disable this warning
2024-06-18T14:59:37.736-04:00  INFO 3312 --- [demo] [           main] o.s.b.t.m.w.SpringBootMockServletContext : Initializing Spring TestDispatcherServlet ''
2024-06-18T14:59:37.736-04:00  INFO 3312 --- [demo] [           main] o.s.t.web.servlet.TestDispatcherServlet  : Initializing Servlet ''
2024-06-18T14:59:37.737-04:00  INFO 3312 --- [demo] [           main] o.s.t.web.servlet.TestDispatcherServlet  : Completed initialization in 1 ms
2024-06-18T14:59:37.749-04:00  INFO 3312 --- [demo] [           main] d.armancodeblock.tdd.ApplicationTests    : Started ApplicationTests in 1.084 seconds (process running for 18.2)
Hibernate: select p1_0.id,p1_0.mobile,p1_0.name from person p1_0
Hibernate: delete from person where id=?
]]></system-out>
  </testcase>
  <testcase name="testRetrievePerson" classname="dev.armancodeblock.tdd.ApplicationTests" time="1.156">
    <failure message="No value at JSON path &quot;$.*&quot;" type="java.lang.AssertionError"><![CDATA[java.lang.AssertionError: No value at JSON path "$.*"
	at org.springframework.test.util.JsonPathExpectationsHelper.evaluateJsonPath(JsonPathExpectationsHelper.java:302)
	at org.springframework.test.util.JsonPathExpectationsHelper.assertValue(JsonPathExpectationsHelper.java:73)
	at org.springframework.test.web.servlet.result.JsonPathResultMatchers.lambda$value$0(JsonPathResultMatchers.java:87)
	at org.springframework.test.web.servlet.MockMvc$1.andExpect(MockMvc.java:214)
	at dev.armancodeblock.tdd.ApplicationTests.testRetrievePerson(ApplicationTests.java:126)
	at java.base/java.lang.reflect.Method.invoke(Method.java:568)
	at java.base/java.util.ArrayList.forEach(ArrayList.java:1511)
	at java.base/java.util.ArrayList.forEach(ArrayList.java:1511)
Caused by: java.lang.IllegalArgumentException: json can not be null or empty
	at com.jayway.jsonpath.internal.Utils.notEmpty(Utils.java:401)
	at com.jayway.jsonpath.JsonPath.read(JsonPath.java:390)
	at com.jayway.jsonpath.JsonPath.read(JsonPath.java:377)
	at org.springframework.test.util.JsonPathExpectationsHelper.evaluateJsonPath(JsonPathExpectationsHelper.java:299)
	... 7 more
]]></failure>
    <system-out><![CDATA[2024-06-18T14:59:37.776-04:00  INFO 3312 --- [demo] [           main] j.LocalContainerEntityManagerFactoryBean : Closing JPA EntityManagerFactory for persistence unit 'default'
2024-06-18T14:59:37.777-04:00  INFO 3312 --- [demo] [           main] com.zaxxer.hikari.HikariDataSource       : HikariPool-5 - Shutdown initiated...
2024-06-18T14:59:37.816-04:00  INFO 3312 --- [demo] [           main] com.zaxxer.hikari.HikariDataSource       : HikariPool-5 - Shutdown completed.
  .   ____          _            __ _ _
 /\\ / ___'_ __ _ _(_)_ __  __ _ \ \ \ \
( ( )\___ | '_ | '_| | '_ \/ _` | \ \ \ \
 \\/  ___)| |_)| | | | | || (_| |  ) ) ) )
  '  |____| .__|_| |_|_| |_\__, | / / / /
 =========|_|==============|___/=/_/_/_/

 :: Spring Boot ::                (v3.3.0)

2024-06-18T14:59:37.851-04:00  INFO 3312 --- [demo] [           main] d.armancodeblock.tdd.ApplicationTests    : Starting ApplicationTests using Java 17.0.10 with PID 3312 (started by owner in C:\Preeti\Training\Day 13\tddAssignment-main)
2024-06-18T14:59:37.851-04:00  INFO 3312 --- [demo] [           main] d.armancodeblock.tdd.ApplicationTests    : No active profile set, falling back to 1 default profile: "default"
2024-06-18T14:59:38.206-04:00  INFO 3312 --- [demo] [           main] .s.d.r.c.RepositoryConfigurationDelegate : Bootstrapping Spring Data JPA repositories in DEFAULT mode.
2024-06-18T14:59:38.219-04:00  INFO 3312 --- [demo] [           main] .s.d.r.c.RepositoryConfigurationDelegate : Finished Spring Data repository scanning in 12 ms. Found 1 JPA repository interface.
2024-06-18T14:59:38.349-04:00  INFO 3312 --- [demo] [           main] o.hibernate.jpa.internal.util.LogHelper  : HHH000204: Processing PersistenceUnitInfo [name: default]
2024-06-18T14:59:38.358-04:00  INFO 3312 --- [demo] [           main] o.h.c.internal.RegionFactoryInitiator    : HHH000026: Second-level cache disabled
2024-06-18T14:59:38.372-04:00  INFO 3312 --- [demo] [           main] o.s.o.j.p.SpringPersistenceUnitInfo      : No LoadTimeWeaver setup: ignoring JPA class transformer
2024-06-18T14:59:38.374-04:00  INFO 3312 --- [demo] [           main] com.zaxxer.hikari.HikariDataSource       : HikariPool-6 - Starting...
2024-06-18T14:59:38.392-04:00  INFO 3312 --- [demo] [           main] com.zaxxer.hikari.pool.HikariPool        : HikariPool-6 - Added connection com.mysql.cj.jdbc.ConnectionImpl@22265a8d
2024-06-18T14:59:38.392-04:00  INFO 3312 --- [demo] [           main] com.zaxxer.hikari.HikariDataSource       : HikariPool-6 - Start completed.
2024-06-18T14:59:38.392-04:00  WARN 3312 --- [demo] [           main] org.hibernate.orm.deprecation            : HHH90000025: MySQL8Dialect does not need to be specified explicitly using 'hibernate.dialect' (remove the property setting and it will be selected by default)
2024-06-18T14:59:38.393-04:00  WARN 3312 --- [demo] [           main] org.hibernate.orm.deprecation            : HHH90000026: MySQL8Dialect has been deprecated; use org.hibernate.dialect.MySQLDialect instead
2024-06-18T14:59:38.441-04:00  INFO 3312 --- [demo] [           main] o.h.e.t.j.p.i.JtaPlatformInitiator       : HHH000489: No JTA platform available (set 'hibernate.transaction.jta.platform' to enable JTA platform integration)
2024-06-18T14:59:38.461-04:00  INFO 3312 --- [demo] [           main] j.LocalContainerEntityManagerFactoryBean : Initialized JPA EntityManagerFactory for persistence unit 'default'
2024-06-18T14:59:38.541-04:00  WARN 3312 --- [demo] [           main] JpaBaseConfiguration$JpaWebConfiguration : spring.jpa.open-in-view is enabled by default. Therefore, database queries may be performed during view rendering. Explicitly configure spring.jpa.open-in-view to disable this warning
2024-06-18T14:59:38.851-04:00  INFO 3312 --- [demo] [           main] o.s.b.t.m.w.SpringBootMockServletContext : Initializing Spring TestDispatcherServlet ''
2024-06-18T14:59:38.851-04:00  INFO 3312 --- [demo] [           main] o.s.t.web.servlet.TestDispatcherServlet  : Initializing Servlet ''
2024-06-18T14:59:38.852-04:00  INFO 3312 --- [demo] [           main] o.s.t.web.servlet.TestDispatcherServlet  : Completed initialization in 0 ms
2024-06-18T14:59:38.862-04:00  INFO 3312 --- [demo] [           main] d.armancodeblock.tdd.ApplicationTests    : Started ApplicationTests in 1.043 seconds (process running for 19.313)
Hibernate: select p1_0.id,p1_0.mobile,p1_0.name from person p1_0
Hibernate: insert into person (mobile,name) values (?,?)

MockHttpServletRequest:
      HTTP Method = POST
      Request URI = /contact/save
       Parameters = {}
          Headers = [Content-Type:"application/json;charset=UTF-8", Content-Length:"52"]
             Body = {"id":null,"name":"John Doe","mobile":"84762834957"}
    Session Attrs = {}

Handler:
             Type = dev.armancodeblock.tdd.controller.ContactController
           Method = dev.armancodeblock.tdd.controller.ContactController#save(Person)

Async:
    Async started = false
     Async result = null

Resolved Exception:
             Type = null

ModelAndView:
        View name = null
             View = null
            Model = null

FlashMap:
       Attributes = null

MockHttpServletResponse:
           Status = 200
    Error message = null
          Headers = []
     Content type = null
             Body = 
    Forwarded URL = null
   Redirected URL = null
          Cookies = []

MockHttpServletRequest:
      HTTP Method = POST
      Request URI = /contact/save
       Parameters = {}
          Headers = [Content-Type:"application/json;charset=UTF-8", Content-Length:"52"]
             Body = {"id":null,"name":"John Doe","mobile":"84762834957"}
    Session Attrs = {}

Handler:
             Type = dev.armancodeblock.tdd.controller.ContactController
           Method = dev.armancodeblock.tdd.controller.ContactController#save(Person)

Async:
    Async started = false
     Async result = null

Resolved Exception:
             Type = null

ModelAndView:
        View name = null
             View = null
            Model = null

FlashMap:
       Attributes = null

MockHttpServletResponse:
           Status = 200
    Error message = null
          Headers = []
     Content type = null
             Body = 
    Forwarded URL = null
   Redirected URL = null
          Cookies = []
]]></system-out>
  </testcase>
  <testcase name="testPostPerson" classname="dev.armancodeblock.tdd.ApplicationTests" time="1.214">
    <failure message="No value at JSON path &quot;$.*&quot;" type="java.lang.AssertionError"><![CDATA[java.lang.AssertionError: No value at JSON path "$.*"
	at org.springframework.test.util.JsonPathExpectationsHelper.evaluateJsonPath(JsonPathExpectationsHelper.java:302)
	at org.springframework.test.util.JsonPathExpectationsHelper.assertValue(JsonPathExpectationsHelper.java:73)
	at org.springframework.test.web.servlet.result.JsonPathResultMatchers.lambda$value$0(JsonPathResultMatchers.java:87)
	at org.springframework.test.web.servlet.MockMvc$1.andExpect(MockMvc.java:214)
	at dev.armancodeblock.tdd.ApplicationTests.testPostPerson(ApplicationTests.java:106)
	at java.base/java.lang.reflect.Method.invoke(Method.java:568)
	at java.base/java.util.ArrayList.forEach(ArrayList.java:1511)
	at java.base/java.util.ArrayList.forEach(ArrayList.java:1511)
Caused by: java.lang.IllegalArgumentException: json can not be null or empty
	at com.jayway.jsonpath.internal.Utils.notEmpty(Utils.java:401)
	at com.jayway.jsonpath.JsonPath.read(JsonPath.java:390)
	at com.jayway.jsonpath.JsonPath.read(JsonPath.java:377)
	at org.springframework.test.util.JsonPathExpectationsHelper.evaluateJsonPath(JsonPathExpectationsHelper.java:299)
	... 7 more
]]></failure>
    <system-out><![CDATA[2024-06-18T14:59:38.933-04:00  INFO 3312 --- [demo] [           main] j.LocalContainerEntityManagerFactoryBean : Closing JPA EntityManagerFactory for persistence unit 'default'
2024-06-18T14:59:38.938-04:00  INFO 3312 --- [demo] [           main] com.zaxxer.hikari.HikariDataSource       : HikariPool-6 - Shutdown initiated...
2024-06-18T14:59:38.999-04:00  INFO 3312 --- [demo] [           main] com.zaxxer.hikari.HikariDataSource       : HikariPool-6 - Shutdown completed.
  .   ____          _            __ _ _
 /\\ / ___'_ __ _ _(_)_ __  __ _ \ \ \ \
( ( )\___ | '_ | '_| | '_ \/ _` | \ \ \ \
 \\/  ___)| |_)| | | | | || (_| |  ) ) ) )
  '  |____| .__|_| |_|_| |_\__, | / / / /
 =========|_|==============|___/=/_/_/_/

 :: Spring Boot ::                (v3.3.0)

2024-06-18T14:59:39.031-04:00  INFO 3312 --- [demo] [           main] d.armancodeblock.tdd.ApplicationTests    : Starting ApplicationTests using Java 17.0.10 with PID 3312 (started by owner in C:\Preeti\Training\Day 13\tddAssignment-main)
2024-06-18T14:59:39.032-04:00  INFO 3312 --- [demo] [           main] d.armancodeblock.tdd.ApplicationTests    : No active profile set, falling back to 1 default profile: "default"
2024-06-18T14:59:39.300-04:00  INFO 3312 --- [demo] [           main] .s.d.r.c.RepositoryConfigurationDelegate : Bootstrapping Spring Data JPA repositories in DEFAULT mode.
2024-06-18T14:59:39.332-04:00  INFO 3312 --- [demo] [           main] .s.d.r.c.RepositoryConfigurationDelegate : Finished Spring Data repository scanning in 30 ms. Found 1 JPA repository interface.
2024-06-18T14:59:39.495-04:00  INFO 3312 --- [demo] [           main] o.hibernate.jpa.internal.util.LogHelper  : HHH000204: Processing PersistenceUnitInfo [name: default]
2024-06-18T14:59:39.503-04:00  INFO 3312 --- [demo] [           main] o.h.c.internal.RegionFactoryInitiator    : HHH000026: Second-level cache disabled
2024-06-18T14:59:39.525-04:00  INFO 3312 --- [demo] [           main] o.s.o.j.p.SpringPersistenceUnitInfo      : No LoadTimeWeaver setup: ignoring JPA class transformer
2024-06-18T14:59:39.532-04:00  INFO 3312 --- [demo] [           main] com.zaxxer.hikari.HikariDataSource       : HikariPool-7 - Starting...
2024-06-18T14:59:39.557-04:00  INFO 3312 --- [demo] [           main] com.zaxxer.hikari.pool.HikariPool        : HikariPool-7 - Added connection com.mysql.cj.jdbc.ConnectionImpl@698d07ac
2024-06-18T14:59:39.558-04:00  INFO 3312 --- [demo] [           main] com.zaxxer.hikari.HikariDataSource       : HikariPool-7 - Start completed.
2024-06-18T14:59:39.559-04:00  WARN 3312 --- [demo] [           main] org.hibernate.orm.deprecation            : HHH90000025: MySQL8Dialect does not need to be specified explicitly using 'hibernate.dialect' (remove the property setting and it will be selected by default)
2024-06-18T14:59:39.559-04:00  WARN 3312 --- [demo] [           main] org.hibernate.orm.deprecation            : HHH90000026: MySQL8Dialect has been deprecated; use org.hibernate.dialect.MySQLDialect instead
2024-06-18T14:59:39.685-04:00  INFO 3312 --- [demo] [           main] o.h.e.t.j.p.i.JtaPlatformInitiator       : HHH000489: No JTA platform available (set 'hibernate.transaction.jta.platform' to enable JTA platform integration)
2024-06-18T14:59:39.721-04:00  INFO 3312 --- [demo] [           main] j.LocalContainerEntityManagerFactoryBean : Initialized JPA EntityManagerFactory for persistence unit 'default'
2024-06-18T14:59:39.854-04:00  WARN 3312 --- [demo] [           main] JpaBaseConfiguration$JpaWebConfiguration : spring.jpa.open-in-view is enabled by default. Therefore, database queries may be performed during view rendering. Explicitly configure spring.jpa.open-in-view to disable this warning
2024-06-18T14:59:40.092-04:00  INFO 3312 --- [demo] [           main] o.s.b.t.m.w.SpringBootMockServletContext : Initializing Spring TestDispatcherServlet ''
2024-06-18T14:59:40.092-04:00  INFO 3312 --- [demo] [           main] o.s.t.web.servlet.TestDispatcherServlet  : Initializing Servlet ''
2024-06-18T14:59:40.093-04:00  INFO 3312 --- [demo] [           main] o.s.t.web.servlet.TestDispatcherServlet  : Completed initialization in 1 ms
2024-06-18T14:59:40.103-04:00  INFO 3312 --- [demo] [           main] d.armancodeblock.tdd.ApplicationTests    : Started ApplicationTests in 1.101 seconds (process running for 20.554)
Hibernate: select p1_0.id,p1_0.mobile,p1_0.name from person p1_0
Hibernate: delete from person where id=?
Hibernate: insert into person (mobile,name) values (?,?)

MockHttpServletRequest:
      HTTP Method = POST
      Request URI = /contact/save
       Parameters = {}
          Headers = [Content-Type:"application/json;charset=UTF-8", Content-Length:"52"]
             Body = {"id":null,"name":"John Doe","mobile":"84762834957"}
    Session Attrs = {}

Handler:
             Type = dev.armancodeblock.tdd.controller.ContactController
           Method = dev.armancodeblock.tdd.controller.ContactController#save(Person)

Async:
    Async started = false
     Async result = null

Resolved Exception:
             Type = null

ModelAndView:
        View name = null
             View = null
            Model = null

FlashMap:
       Attributes = null

MockHttpServletResponse:
           Status = 200
    Error message = null
          Headers = []
     Content type = null
             Body = 
    Forwarded URL = null
   Redirected URL = null
          Cookies = []

MockHttpServletRequest:
      HTTP Method = POST
      Request URI = /contact/save
       Parameters = {}
          Headers = [Content-Type:"application/json;charset=UTF-8", Content-Length:"52"]
             Body = {"id":null,"name":"John Doe","mobile":"84762834957"}
    Session Attrs = {}

Handler:
             Type = dev.armancodeblock.tdd.controller.ContactController
           Method = dev.armancodeblock.tdd.controller.ContactController#save(Person)

Async:
    Async started = false
     Async result = null

Resolved Exception:
             Type = null

ModelAndView:
        View name = null
             View = null
            Model = null

FlashMap:
       Attributes = null

MockHttpServletResponse:
           Status = 200
    Error message = null
          Headers = []
     Content type = null
             Body = 
    Forwarded URL = null
   Redirected URL = null
          Cookies = []
]]></system-out>
  </testcase>
  <testcase name="checkController" classname="dev.armancodeblock.tdd.ApplicationTests" time="1.065">
    <system-out><![CDATA[2024-06-18T14:59:40.149-04:00  INFO 3312 --- [demo] [           main] j.LocalContainerEntityManagerFactoryBean : Closing JPA EntityManagerFactory for persistence unit 'default'
2024-06-18T14:59:40.150-04:00  INFO 3312 --- [demo] [           main] com.zaxxer.hikari.HikariDataSource       : HikariPool-7 - Shutdown initiated...
2024-06-18T14:59:40.209-04:00  INFO 3312 --- [demo] [           main] com.zaxxer.hikari.HikariDataSource       : HikariPool-7 - Shutdown completed.
  .   ____          _            __ _ _
 /\\ / ___'_ __ _ _(_)_ __  __ _ \ \ \ \
( ( )\___ | '_ | '_| | '_ \/ _` | \ \ \ \
 \\/  ___)| |_)| | | | | || (_| |  ) ) ) )
  '  |____| .__|_| |_|_| |_\__, | / / / /
 =========|_|==============|___/=/_/_/_/

 :: Spring Boot ::                (v3.3.0)

2024-06-18T14:59:40.248-04:00  INFO 3312 --- [demo] [           main] d.armancodeblock.tdd.ApplicationTests    : Starting ApplicationTests using Java 17.0.10 with PID 3312 (started by owner in C:\Preeti\Training\Day 13\tddAssignment-main)
2024-06-18T14:59:40.249-04:00  INFO 3312 --- [demo] [           main] d.armancodeblock.tdd.ApplicationTests    : No active profile set, falling back to 1 default profile: "default"
2024-06-18T14:59:40.548-04:00  INFO 3312 --- [demo] [           main] .s.d.r.c.RepositoryConfigurationDelegate : Bootstrapping Spring Data JPA repositories in DEFAULT mode.
2024-06-18T14:59:40.568-04:00  INFO 3312 --- [demo] [           main] .s.d.r.c.RepositoryConfigurationDelegate : Finished Spring Data repository scanning in 20 ms. Found 1 JPA repository interface.
2024-06-18T14:59:40.722-04:00  INFO 3312 --- [demo] [           main] o.hibernate.jpa.internal.util.LogHelper  : HHH000204: Processing PersistenceUnitInfo [name: default]
2024-06-18T14:59:40.734-04:00  INFO 3312 --- [demo] [           main] o.h.c.internal.RegionFactoryInitiator    : HHH000026: Second-level cache disabled
2024-06-18T14:59:40.753-04:00  INFO 3312 --- [demo] [           main] o.s.o.j.p.SpringPersistenceUnitInfo      : No LoadTimeWeaver setup: ignoring JPA class transformer
2024-06-18T14:59:40.761-04:00  INFO 3312 --- [demo] [           main] com.zaxxer.hikari.HikariDataSource       : HikariPool-8 - Starting...
2024-06-18T14:59:40.781-04:00  INFO 3312 --- [demo] [           main] com.zaxxer.hikari.pool.HikariPool        : HikariPool-8 - Added connection com.mysql.cj.jdbc.ConnectionImpl@b9aca74
2024-06-18T14:59:40.781-04:00  INFO 3312 --- [demo] [           main] com.zaxxer.hikari.HikariDataSource       : HikariPool-8 - Start completed.
2024-06-18T14:59:40.782-04:00  WARN 3312 --- [demo] [           main] org.hibernate.orm.deprecation            : HHH90000025: MySQL8Dialect does not need to be specified explicitly using 'hibernate.dialect' (remove the property setting and it will be selected by default)
2024-06-18T14:59:40.782-04:00  WARN 3312 --- [demo] [           main] org.hibernate.orm.deprecation            : HHH90000026: MySQL8Dialect has been deprecated; use org.hibernate.dialect.MySQLDialect instead
2024-06-18T14:59:40.850-04:00  INFO 3312 --- [demo] [           main] o.h.e.t.j.p.i.JtaPlatformInitiator       : HHH000489: No JTA platform available (set 'hibernate.transaction.jta.platform' to enable JTA platform integration)
2024-06-18T14:59:40.868-04:00  INFO 3312 --- [demo] [           main] j.LocalContainerEntityManagerFactoryBean : Initialized JPA EntityManagerFactory for persistence unit 'default'
2024-06-18T14:59:40.953-04:00  WARN 3312 --- [demo] [           main] JpaBaseConfiguration$JpaWebConfiguration : spring.jpa.open-in-view is enabled by default. Therefore, database queries may be performed during view rendering. Explicitly configure spring.jpa.open-in-view to disable this warning
2024-06-18T14:59:41.154-04:00  INFO 3312 --- [demo] [           main] o.s.b.t.m.w.SpringBootMockServletContext : Initializing Spring TestDispatcherServlet ''
2024-06-18T14:59:41.154-04:00  INFO 3312 --- [demo] [           main] o.s.t.web.servlet.TestDispatcherServlet  : Initializing Servlet ''
2024-06-18T14:59:41.156-04:00  INFO 3312 --- [demo] [           main] o.s.t.web.servlet.TestDispatcherServlet  : Completed initialization in 2 ms
2024-06-18T14:59:41.178-04:00  INFO 3312 --- [demo] [           main] d.armancodeblock.tdd.ApplicationTests    : Started ApplicationTests in 0.965 seconds (process running for 21.628)
Hibernate: select p1_0.id,p1_0.mobile,p1_0.name from person p1_0
Hibernate: delete from person where id=?
]]></system-out>
  </testcase>
  <testcase name="checkService" classname="dev.armancodeblock.tdd.ApplicationTests" time="0.96">
    <system-out><![CDATA[2024-06-18T14:59:41.215-04:00  INFO 3312 --- [demo] [           main] j.LocalContainerEntityManagerFactoryBean : Closing JPA EntityManagerFactory for persistence unit 'default'
2024-06-18T14:59:41.216-04:00  INFO 3312 --- [demo] [           main] com.zaxxer.hikari.HikariDataSource       : HikariPool-8 - Shutdown initiated...
2024-06-18T14:59:41.234-04:00  INFO 3312 --- [demo] [           main] com.zaxxer.hikari.HikariDataSource       : HikariPool-8 - Shutdown completed.
  .   ____          _            __ _ _
 /\\ / ___'_ __ _ _(_)_ __  __ _ \ \ \ \
( ( )\___ | '_ | '_| | '_ \/ _` | \ \ \ \
 \\/  ___)| |_)| | | | | || (_| |  ) ) ) )
  '  |____| .__|_| |_|_| |_\__, | / / / /
 =========|_|==============|___/=/_/_/_/

 :: Spring Boot ::                (v3.3.0)

2024-06-18T14:59:41.267-04:00  INFO 3312 --- [demo] [           main] d.armancodeblock.tdd.ApplicationTests    : Starting ApplicationTests using Java 17.0.10 with PID 3312 (started by owner in C:\Preeti\Training\Day 13\tddAssignment-main)
2024-06-18T14:59:41.267-04:00  INFO 3312 --- [demo] [           main] d.armancodeblock.tdd.ApplicationTests    : No active profile set, falling back to 1 default profile: "default"
2024-06-18T14:59:41.578-04:00  INFO 3312 --- [demo] [           main] .s.d.r.c.RepositoryConfigurationDelegate : Bootstrapping Spring Data JPA repositories in DEFAULT mode.
2024-06-18T14:59:41.593-04:00  INFO 3312 --- [demo] [           main] .s.d.r.c.RepositoryConfigurationDelegate : Finished Spring Data repository scanning in 15 ms. Found 1 JPA repository interface.
2024-06-18T14:59:41.727-04:00  INFO 3312 --- [demo] [           main] o.hibernate.jpa.internal.util.LogHelper  : HHH000204: Processing PersistenceUnitInfo [name: default]
2024-06-18T14:59:41.739-04:00  INFO 3312 --- [demo] [           main] o.h.c.internal.RegionFactoryInitiator    : HHH000026: Second-level cache disabled
2024-06-18T14:59:41.758-04:00  INFO 3312 --- [demo] [           main] o.s.o.j.p.SpringPersistenceUnitInfo      : No LoadTimeWeaver setup: ignoring JPA class transformer
2024-06-18T14:59:41.759-04:00  INFO 3312 --- [demo] [           main] com.zaxxer.hikari.HikariDataSource       : HikariPool-9 - Starting...
2024-06-18T14:59:41.779-04:00  INFO 3312 --- [demo] [           main] com.zaxxer.hikari.pool.HikariPool        : HikariPool-9 - Added connection com.mysql.cj.jdbc.ConnectionImpl@5a1b205
2024-06-18T14:59:41.780-04:00  INFO 3312 --- [demo] [           main] com.zaxxer.hikari.HikariDataSource       : HikariPool-9 - Start completed.
2024-06-18T14:59:41.780-04:00  WARN 3312 --- [demo] [           main] org.hibernate.orm.deprecation            : HHH90000025: MySQL8Dialect does not need to be specified explicitly using 'hibernate.dialect' (remove the property setting and it will be selected by default)
2024-06-18T14:59:41.780-04:00  WARN 3312 --- [demo] [           main] org.hibernate.orm.deprecation            : HHH90000026: MySQL8Dialect has been deprecated; use org.hibernate.dialect.MySQLDialect instead
2024-06-18T14:59:41.868-04:00  INFO 3312 --- [demo] [           main] o.h.e.t.j.p.i.JtaPlatformInitiator       : HHH000489: No JTA platform available (set 'hibernate.transaction.jta.platform' to enable JTA platform integration)
2024-06-18T14:59:41.882-04:00  INFO 3312 --- [demo] [           main] j.LocalContainerEntityManagerFactoryBean : Initialized JPA EntityManagerFactory for persistence unit 'default'
2024-06-18T14:59:41.952-04:00  WARN 3312 --- [demo] [           main] JpaBaseConfiguration$JpaWebConfiguration : spring.jpa.open-in-view is enabled by default. Therefore, database queries may be performed during view rendering. Explicitly configure spring.jpa.open-in-view to disable this warning
2024-06-18T14:59:42.120-04:00  INFO 3312 --- [demo] [           main] o.s.b.t.m.w.SpringBootMockServletContext : Initializing Spring TestDispatcherServlet ''
2024-06-18T14:59:42.120-04:00  INFO 3312 --- [demo] [           main] o.s.t.web.servlet.TestDispatcherServlet  : Initializing Servlet ''
2024-06-18T14:59:42.121-04:00  INFO 3312 --- [demo] [           main] o.s.t.web.servlet.TestDispatcherServlet  : Completed initialization in 1 ms
2024-06-18T14:59:42.140-04:00  INFO 3312 --- [demo] [           main] d.armancodeblock.tdd.ApplicationTests    : Started ApplicationTests in 0.904 seconds (process running for 22.591)
Hibernate: select p1_0.id,p1_0.mobile,p1_0.name from person p1_0
]]></system-out>
  </testcase>
</testsuite>